Wed Nov 30 11:49:19 CET 2022
Nombre dominio: android
URL: https://www.android.com/

URls encontradas en https://www.android.com/ : 
https://www.android.com/intl/fil_ph/
https://www.linkedin.com/showcase/android_by_google/
https://www.android.com/intl/en_in/
https://www.android.com/intl/hi_in/
https://www.android.com/intl/no_no/
https://www.android.com/intl/id_id/
https://blog.google/products/android/
https://www.android.com/intl/fr_ca/
https://www.android.com/intl/nl_be/
https://policies.google.com/technologies/cookies
https://www.facebook.com/AndroidOfficial/
https://www.android.com/intl/en_hk/
https://www.android.com/intl/es_us/
https://www.android.com/intl/ru_ru/
https://www.android.com/intl/zh-HK_hk/
https://www.android.com/intl/en_ie/
https://www.android.com/intl/es-419_mx/
https://www.android.com/intl/fr_fr/
https://www.android.com/intl/de_de/
https://www.android.com/intl/en_ca/
https://www.android.com/intl/da_dk/
https://www.android.com/intl/de_be/
https://www.android.com/intl/it_it/
https://www.android.com/intl/es_es/
https://www.android.com/intl/en_au/
https://www.youtube.com/user/GoogleMobile/
https://policies.google.com/?hl=en
https://www.android.com/intl/nl_nl/
https://androidenterprisepartners.withgoogle.com/
https://www.blog.google/products/android-enterprise/
https://developer.android.com/studio/
https://www.android.com/intl/tr_tr/
https://www.android.com/intl/ja_jp/
https://www.android.com/intl/zh-CN_cn/
https://www.android.com/
https://www.android.com/intl/zh-TW_tw/
https://www.google-analytics.com/
https://support.google.com/android/?hl=en#topic=7313011
https://developer.android.com/
https://www.instagram.com/android/
https://www.android.com/intl/en_uk/
https://ssl.gstatic.com/
https://www.googletagmanager.com/
https://www.android.com/intl/pt-BR_br/
https://www.android.com/intl/en_nz/
https://www.android.com/intl/fr_be/
https://www.blog.google/press/
https://www.android.com/intl/pt_pt/
https://www.android.com/intl/en_be/
https://lh3.googleusercontent.com/
https://www.android.com/intl/sv_se/
https://twitter.com/android/
https://www.android.com/intl/ko_kr/
https://www.android.com/intl/pl_pl/
https://wearos.google.com/#hands-free-help
https://userresearch.google.com/?l=9&amp;reserved=0&amp;pType=0&amp;productTag=andr&amp;campaignType=ghc&amp;campaignDate=jul16&amp;labelTag=0&amp;referral_code=androiddotcom
https://www.google.com/android/find?u=0
https://www.android.com/intl/th_th/
https://www.android.com/intl/en_ph/
https://www.android.com/intl/vi_vn/
https://source.android.com/
