
URls encontradas en https://www.android.com/ : 
https://www.google.com
https://www.facebook.com/AndroidOfficial/
https://www.linkedin.com/company/google
https://support.google.com
https://about.google/
https://about.google/products/
https://twitter.com/Android
https://twitter.com/intent/tweet?text=Android%20%40google&url=https://blog.google/products/android/
https://blog.google/products/android/
https://www.youtube.com/google
https://policies.google.com/privacy
https://blog.google/products/android/new-android-features-september-2022/
https://www.linkedin.com/shareArticle?mini=true&url=https://blog.google/products/android/&title=Android
https://www.facebook.com/Google
https://cloud.google.com/blog/
https://www.instagram.com/google/
https://twitter.com/google
https://www.facebook.com/sharer/sharer.php?caption=Android&u=https://blog.google/products/android/
https://policies.google.com/terms
