
URls encontradas en https://www.android.com/ : 
https://redirector.gvt1.com/edgedl/android/studio/ide-zips/2021.3.1.17/android-studio-2021.3.1.17-windows.zip
https://redirector.gvt1.com/edgedl/android/studio/install/2021.3.1.17/android-studio-2021.3.1.17-windows.exe
https://www.gstatic.com/devrel-devsite/prod/vc82f2cad3fcff18d6946c0a512e7dbee1d0b7079276de2cee506a18bb2ccb908/android/images/favicon.png
https://developer.android.com/about
https://developer.android.com/distribute
https://www.youtube.com/user/androiddevelopers/
https://redirector.gvt1.com/edgedl/android/studio/install/2.3.3.0/android-studio-bundle-162.4069837-windows.exe
https://developer.android.com/wear
https://developer.android.com/studio/features
https://developer.android.com/studio/preview
https://developer.android.com/studio/build
https://dl.google.com/android/studio/plugins/android-gradle/preview/offline-android-gradle-plugin-preview.zip
https://developer.android.com/jetpack
https://developer.android.com/
https://userresearch.google.com/developer/?utm_source=Website&amp;Q_Language=en&amp;utm_campaign=Q3&amp;campaignDate=August2022&amp;referral_code=UXRpSWH2922287
https://developer.android.com/docs
https://developer.android.com/studio/intro/studio-config
https://developer.android.com/s/opensearch.xml
https://developer.android.com/studio
https://developer.android.com/kotlin
https://developer.android.com/games
https://redirector.gvt1.com/edgedl/android/studio/install/2021.3.1.17/android-studio-2021.3.1.17-mac.dmg
https://redirector.gvt1.com/edgedl/android/studio/install/2021.3.1.17/android-studio-2021.3.1.17-mac_arm.dmg
https://developer.android.com/studio/run/emulator
https://developer.android.com/studio/install
https://dl.google.com/android/repository/commandlinetools-linux-9123335_latest.zip
https://chromeos.dev/en/android-environment#install-android-studio-on-chrome-os
https://www.gstatic.com/devrel-devsite/prod/vc82f2cad3fcff18d6946c0a512e7dbee1d0b7079276de2cee506a18bb2ccb908/android/images/touchicon-180.png
https://developer.android.com/reference/android/speech/RecognitionService
https://developer.android.com/studio/debug/apk-analyzer
https://developer.android.com/training/basics/firstapp
https://developer.android.com/jetpack/compose/tooling#preview-multipreview
https://www.gstatic.com/devrel-devsite/prod/vc82f2cad3fcff18d6946c0a512e7dbee1d0b7079276de2cee506a18bb2ccb908/android/css/app.css
https://developer.android.com/studio/intro
https://dl.google.com/android/repository/commandlinetools-win-9123335_latest.zip
https://dl.google.com/android/repository/commandlinetools-mac-9123335_latest.zip
https://developers.google.com/
https://dl.google.com/android/studio/maven-google-com/stable/offline-gmaven-stable.zip
https://redirector.gvt1.com/edgedl/android/studio/install/2021.3.1.17/android-studio-2021.3.1.17-cros.deb
https://redirector.gvt1.com/edgedl/android/studio/ide-zips/2021.3.1.17/android-studio-2021.3.1.17-linux.tar.gz
https://developer.android.com/courses?gclid=CjwKCAjwmJeYBhAwEiwAXlg0AQp7W8HcimAMoS60NuNmx7HJMgLXW5zyoIPMmmNO-t99y--wdKMP0xoCvnMQAvD_BwE

URls encontradas en https://www.android.com/ : 
https://developers.google.com/community/gdg
https://developer.android.com/?hl=pt-br
https://www.gstatic.com/devrel-devsite/prod/vc82f2cad3fcff18d6946c0a512e7dbee1d0b7079276de2cee506a18bb2ccb908/android/images/favicon.png
https://developer.android.com/about
https://developer.android.com/distribute
https://www.youtube.com/user/androiddevelopers/
https://developer.android.com/samples
https://developer.android.com/events/dev-summit
https://play.google.com/apps/publish
https://developer.android.com/quality
https://stackoverflow.com/questions/tagged/android
https://developer.android.com/
https://developer.android.com/jetpack
https://developer.android.com/guide
https://userresearch.google.com/developer/?utm_source=Website&amp;Q_Language=en&amp;utm_campaign=Q3&amp;campaignDate=August2022&amp;referral_code=UXRpSWH2922287
https://developer.android.com/?hl=id
https://developer.android.com/docs
https://android-developers.googleblog.com/2022/11/google-play-coffee-break-with-creatrip-setting-up-your-business-for-global-reach.html
https://developer.android.com/s/opensearch.xml
https://developer.android.com/studio
https://twitter.com/AndroidDev
https://developer.android.com/?hl=ko
https://developer.android.com/kotlin
https://developer.android.com/games
https://developer.android.com/news
https://android-developers.googleblog.com/2022/11/leading-health-and-fitness-apps-roll-out-health-connect-integrations.html
https://www.gstatic.com/devrel-devsite/prod/vc82f2cad3fcff18d6946c0a512e7dbee1d0b7079276de2cee506a18bb2ccb908/android/images/touchicon-180.png
https://developer.android.com/?hl=zh-cn
https://developer.android.com/?hl=ja
https://www.gstatic.com/devrel-devsite/prod/vc82f2cad3fcff18d6946c0a512e7dbee1d0b7079276de2cee506a18bb2ccb908/android/css/app.css
https://android-developers.googleblog.com/2022/10/new-from-android-ads-22.html
https://developers.google.com/
https://developer.android.com/?hl=es-419
