
URls encontradas en https://www.android.com/ : 
https://source.android.com/?hl=ja
https://source.android.com/reference/hidl
https://source.android.com/?hl=es-419
https://source.android.com/?hl=fa
https://source.android.com/docs/compatibility/cdd
https://source.android.com/docs/compatibility/cts
https://source.android.com/?hl=ru
https://source.android.com/docs/setup/community/cofc
https://source.android.com/docs/core/permissions
https://source.android.com/?hl=zh-tw
https://source.android.com/docs/setup/about
https://source.android.com/docs/core/connect
https://source.android.com/reference/hal
https://android.googlesource.com/platform/docs/source.android.com/+log/master?pretty=full&no-merges
https://source.android.com/?hl=bn
https://source.android.com/?hl=fr
https://source.android.google.cn/
https://source.android.com/docs/devices/admin
https://source.android.com/docs/security
https://source.android.com/docs/core/audio
https://www.gstatic.com/devrel-devsite/prod/vc82f2cad3fcff18d6946c0a512e7dbee1d0b7079276de2cee506a18bb2ccb908/androidsource/css/app.css
https://source.android.com/docs/core/architecture
https://source.android.com/docs/compatibility
https://source.android.com/docs/security/features
https://source.android.com/docs/security/test/fuzz-sanitize
https://source.android.com/?hl=ko
https://source.android.com/docs/setup/create/coding-tasks
https://source.android.com/docs/core/data
https://source.android.com/docs/setup/build/building#understanding-build-fingerprints
https://source.android.com/docs/core/display
https://source.android.com/docs/devices/automotive
https://issuetracker.google.com/issues/new?component=191476
https://www.gstatic.com/devrel-devsite/prod/vc82f2cad3fcff18d6946c0a512e7dbee1d0b7079276de2cee506a18bb2ccb908/androidsource/images/touchicon-180.png
https://source.android.com/docs/setup/about/android-13-release
https://source.android.com/?hl=th
https://source.android.com/docs/security/bulletin
https://source.android.com/docs/security/best-practices
https://source.android.com/docs/core/fonts/custom-font-fallback
https://g.co/androidsourceissue
https://source.android.com/docs/security/bulletin/pixel
https://source.android.com/docs/core/settings
https://source.android.com/?hl=pl
https://source.android.com/docs/core/runtime
https://source.android.com/docs/security/overview
https://source.android.com/?hl=he
https://source.android.com/?hl=tr
https://source.android.com/?hl=de
https://source.android.com/?hl=hi
https://source.android.com/docs/core/tests
https://source.android.com/docs/devices/tv
https://source.android.com/docs/core/interaction
https://cs.android.com/android/platform/superproject/
https://source.android.com/docs/setup/build
https://source.android.com/docs/setup/download
https://source.android.com/docs/core/power
https://source.android.com/?hl=pt-br
https://source.android.com/docs/core/media
https://source.android.com/?hl=id
https://source.android.com/reference/sts/classes
https://source.android.com/docs/core/storage
https://source.android.com/?hl=zh-cn
https://source.android.com/docs/core/architecture/kernel
https://www.gstatic.com/devrel-devsite/prod/vc82f2cad3fcff18d6946c0a512e7dbee1d0b7079276de2cee506a18bb2ccb908/androidsource/images/favicon.png
https://source.android.com/docs/core/graphics
https://source.android.com/docs
https://source.android.com/docs/security/bulletin/aaos
https://source.android.com/docs/core/ota
https://source.android.com/?hl=it
https://source.android.com/
https://source.android.com/reference/tradefed/classes
https://source.android.com/?hl=vi
https://source.android.com/docs/core/camera
https://source.android.com/docs/core/perf
https://source.android.com/docs/setup/start
https://source.android.com/?hl=ar
https://source.android.com/docs/setup/contribute
https://source.android.com/s/opensearch.xml
