
URls encontradas en https://www.android.com/ : 
https://userresearch.google.com/intl/pt-PT_ALL
https://uxr-optout.withgoogle.com/?referral_code=0&amp;reserved=0&amp;pType=0&amp;productTag=0&amp;campaignType=0&amp;campaignDate=0&amp;labelTag=0&amp;appTag=0&amp;l=0&amp;Q_Language=0&amp;p_utm_source=0&amp;p_utm_medium=0&amp;p_utm_campaign=0&amp;p_utm_term=0&amp;p_utm_content=0
https://www.google.com/covid19/
https://storage.googleapis.com/operating-anagram-8280/favicon-32x32.png
https://userresearch.google.com/intl/bn_ALL
https://about.google/
https://about.google/products/
https://userresearch.google.com/intl/de_ALL
https://userresearch.google.com/intl/ja_ALL
https://support.google.com/?hl=en
https://userresearch.google.com/intl/pt-BR_ALL
https://userresearch.google.com/
https://userresearch.google.com/intl/it_ALL
https://google.qualtrics.com/jfe/form/SV_3NMIMtX0F2zkakR?referral_code=organic_signup
https://userresearch.google.com/intl/hi_ALL
https://google.qualtrics.com/jfe/form/SV_3NMIMtX0F2zkakR?referral_code=organic_main
https://policies.google.com/terms
https://www.google.com
https://userresearch.google.com/intl/id_ALL
https://userresearch.google.com/intl/es-419_ALL
https://userresearch.google.com/intl/zh-CN_ALL
https://storage.googleapis.com/operating-anagram-8280/apple-touch-icon.png
https://userresearch.google.com/intl/en-GB_ALL
https://userresearch.google.com/intl/sw_ALL
https://policies.google.com/privacy
https://google.qualtrics.com/jfe/form/SV_eyPOAUitnCs2mmG?referral_code=organic_footer
https://storage.googleapis.com/operating-anagram-8280/favicon-16x16.png
https://storage.googleapis.com/operating-anagram-8280/favicon.ico
https://userresearch.google.com/intl/es_ALL
https://userresearch.google.com/intl/fr_ALL
https://userresearch.google.com/intl/zh-TW_ALL
