
URls encontradas en https://www.android.com/ : 
https://www.skagen.com/en-us/smartwatches/learn-more/falster-gen-6/
https://support.google.com/wearos/community?hl=en
https://wearos.google.com/intl/ru_ru/
https://www.samsung.com/us/watches/galaxy-watch4-classic/
https://play.google.com/store/apps/details?id=com.northcube.sleepcycle
https://support.google.com/wearos/?hl=en#topic=6056389
https://wearos.google.com/intl/en_uk/
https://play.google.com/store/apps/details?id=com.google.android.apps.maps
https://www.samsung.com/us/watches/galaxy-watch5/
https://wearos.google.com/intl/pl_pl/
https://fonts.googleapis.com/css2?family=Google+Sans:wght@400;500&family=Google+Sans+Display:wght@400;500;700&family=Google+Sans+Text:wght@400;500;700&family=Product+Sans:wght@400&display=swap
https://wearos.google.com/intl/de_de/
https://wearos.google.com/intl/en_nz/
https://support.google.com/youtubemusic/answer/6307365?hl=en#zippy=%2Cpremium-memberships-travel%2Cpremium-memberships-available-locations
https://www.samsung.com/us/watches/galaxy-watch5-pro/
https://www.montblanc.com/en-us/collection/smartwatches/summit-3
https://policies.google.com/terms
https://twitter.com/wearosbygoogle
https://www.google.com
https://support.google.com/
https://www.android.com/better-together/
https://blog.google/products/wear-os/
https://wearos.google.com/intl/pt_br/
https://play.google.com/store/apps?device=watch
https://assistant.google.com/platforms/wearables/
https://www.michaelkors.com/watches/smartwatches/_/N-1lq1i8o
https://play.google.com/store/apps/details?id=com.facer.watchface.bitmoji
https://play.google.com/store/apps/details?id=com.runtastic.android
https://www.fossil.com/en-us/smartwatches/learn-more/gen-6-smartwatches/
https://wearos.google.com/intl/zh_hk/
https://wearos.google.com/intl/zh_TW/
https://wearos.google.com/
https://wearos.google.com/intl/en_ca/
https://play.google.com/store/apps/details?id=com.google.android.keep
https://www.fossil.com/en-us/watches/learn-more/gen-6-wellness/
https://about.google/
https://about.google/products/
https://play.google.com/store/apps/details?id=com.google.android.apps.chromecast.app
https://wearos.google.com/intl/ko_kr/
https://fonts.gstatic.com
https://wearos.google.com/intl/fr_fr/
https://wearos.google.com/intl/es_mx/
https://www.michaelkors.com/gen-6-bradshaw-rose-gold-tone-smartwatch/_/R-US_MKT5133V
https:///www.gstatic.com/
https://play.google.com/store/apps/details?id=com.strava
https://wearos.google.com/intl/en_in/
https://fonts.googleapis.com
https://play.google.com/store/apps/details?id=com.calm.android
https://www.samsung.com/us/watches/galaxy-watch4/
https://play.google.com/store/apps/details?id=com.google.android.apps.youtube.music
https://lh3.googleusercontent.com/
https://play.google.com/store/apps/details?id=com.myfitnesspal.android
https://play.google.com/store/apps/details?id=com.google.android.apps.walletnfcrel
https://wearos.google.com/intl/tr_tr/
https://play.google.com/store/apps/details?id=com.google.android.apps.messaging
https://wearos.google.com/intl/en_au/
https://wearos.google.com/intl/it_it/
https://store.google.com/us/magazine/google_smartwatch?hl=en-US
https://wearos.google.com/intl/es_es/
https://policies.google.com/privacy
https://wearos.google.com/intl/de_ch/
https://wearos.google.com/intl/nl_nl/
https://wearos.google.com/intl/ja_jp/
