
URls encontradas en https://www.android.com/ : 
https://www.facebook.com/AndroidOfficial/
https://scontent.fvlc7-1.fna.fbcdn.net/v/t39.30808-6/312808680_8271842182887577_6022012454877278189_n.jpg?stp=dst-jpg_s960x960&amp;_nc_cat=104&amp;ccb=1-7&amp;_nc_sid=e3f864&amp;_nc_ohc=DIDinnB9VOYAX-0sxPQ&amp;_nc_oc=AQlnxc5VSACmCTdDwQ-_tpyoMPZjxGx41yYCHxsBeqHtxcYIHt_ZqdJu8WVPJYgiM0w&amp;_nc_ht=scontent.fvlc7-1.fna&amp;oh=00_AfCLZf1egvR0UA-pC4_3L1b4Goaj1N39aXBQMKXE8O5OvA&amp;oe=638C06CA
https://static.xx.fbcdn.net/rsrc.php/v3ia3V4/yk/l/es_ES/OndpztL2NP2.js?_nc_x=Ij3Wp8lg5Kz
https://static.xx.fbcdn.net/rsrc.php/v3iViP4/yA/l/es_ES/GQc9-Pau7in.js?_nc_x=Ij3Wp8lg5Kz
https://static.xx.fbcdn.net/rsrc.php/v3/yz/r/PNMDhN7RU_e.js?_nc_x=Ij3Wp8lg5Kz
https://static.xx.fbcdn.net/rsrc.php/v3i9ok4/yY/l/es_ES/3byANB86KB_.js?_nc_x=Ij3Wp8lg5Kz
https://static.xx.fbcdn.net/rsrc.php/v3io6R4/y2/l/es_ES/EHeFELLcSCz.js?_nc_x=Ij3Wp8lg5Kz
https://it-it.facebook.com/AndroidOfficial/
https://static.xx.fbcdn.net/rsrc.php/v3iJ0L4/yz/l/es_ES/C00TkBI7ltS.js?_nc_x=Ij3Wp8lg5Kz
https://static.xx.fbcdn.net/rsrc.php/v3iCsB4/yS/l/es_ES/CwPiU3Z6464lnxs4C_tdFGOGs0_x1icbJpBS28dEmkszQjhgdktp5ZMXXD7MXXiJogmNmaFWN_jVeI1WLky3rxkWniKrqUZmK4Y-DFFZy5v9EEPAJ8Ywac_H92K6ESRY-LbtrWcNyvFgpgzqIU9h17ho3kvAruvo6PopaUbFfZtHVYoaaNpNceZJedpPA6T-ampAJmHxw5O7LFqacO5RNrwoWQQ58qg8uGdEtZaBQE71ckuhkQsRq48zrXzncMrnCJop7pNeyrtjuumiBLyk14Jib7p8oZPvbeMFLBiV2.js?_nc_x=Ij3Wp8lg5Kz
https://static.xx.fbcdn.net/rsrc.php/v3iia34/ys/l/es_ES/jdENgXPzuAymwQRCuR_fs6XA_S8quIxSQW9dyew6Q-Z_4TMVbUB_6zoaCv1qmPvaQglIySY0KTqRyz2K80oE-HCpQp2Zarqmgm832tvTJ_fQGq5WdJiZQS4MwuEFEbyP2L2vuX6CK5Lnmj9C21hWwqByjjwx_G1xZAxMNT8mexCGMfVfLeD1yGR54aN7PY2S5VWXjx8MzPgjy0Bam.js?_nc_x=Ij3Wp8lg5Kz
https://scontent.fbrs4-1.fna.fbcdn.net/v/t1.6435-1/69563903_3014898355248679_7611766459034763264_n.png?stp=cp0_dst-png_p40x40&amp;_nc_cat=1&amp;ccb=1-7&amp;_nc_sid=1eb0c7&amp;_nc_ohc=_vbA02yOJmgAX_1ivLV&amp;_nc_oc=AQlZxdC3Gj_bR9K3wIUEeicH5XrPDBavxC0wVgAzMYEkchiXhkRtA5Zbs1F6b4lRwA8&amp;_nc_ad=z-m&amp;_nc_cid=0&amp;_nc_ht=scontent.fbrs4-1.fna&amp;oh=00_AfBcX5BQnmcfFRX67JPUKJ-1bqA1Oqa8AgbX5EBlgIBoKg&amp;oe=63AE931C
https://static.xx.fbcdn.net/rsrc.php/v3iUo-4/yx/l/es_ES/2SC9nP9gATV.js?_nc_x=Ij3Wp8lg5Kz
https://scontent.fvlc7-1.fna.fbcdn.net/v/t39.30808-6/312808680_8271842182887577_6022012454877278189_n.jpg?stp=dst-jpg_fb50_s320x320&amp;_nc_cat=104&amp;ccb=1-7&amp;_nc_sid=e3f864&amp;_nc_ohc=DIDinnB9VOYAX-0sxPQ&amp;_nc_oc=AQlnxc5VSACmCTdDwQ-_tpyoMPZjxGx41yYCHxsBeqHtxcYIHt_ZqdJu8WVPJYgiM0w&amp;_nc_ht=scontent.fvlc7-1.fna&amp;oh=00_AfBZ4AI-JAHWqUxoM5knJ8MgMNN9fFyd7EISds30lhZyLg&amp;oe=638C06CA
https://static.xx.fbcdn.net/rsrc.php/v3/y2/l/0,cross/WEGjMhuJlKa.css?_nc_x=Ij3Wp8lg5Kz
https://static.xx.fbcdn.net/rsrc.php/v3inNj4/yi/l/es_ES/lJce4WPBBCb.js?_nc_x=Ij3Wp8lg5Kz
https://static.xx.fbcdn.net/rsrc.php/v3iuoH4/yc/l/es_ES/t9iltfvh7AfdSDuD7oK9TlIGnM08XOxCuyW9_m2uYbqSD97xDlVxSJOFRFSxjfOoHajFpwuc257pl7PRwou8NJ_EYMHVsdWqltXUDfJSsQn6gxuMu9IHuJpJRhkb5KjQo45u.js?_nc_x=Ij3Wp8lg5Kz
https://static.xx.fbcdn.net/rsrc.php/v3iIh04/yv/l/es_ES/znpyWAatY7t.js?_nc_x=Ij3Wp8lg5Kz
https://static.xx.fbcdn.net/rsrc.php/v3i8-o4/yA/l/es_ES/Jfz4AmPhbg9.js?_nc_x=Ij3Wp8lg5Kz
https://static.xx.fbcdn.net/rsrc.php/yD/r/d4ZIVX-5C-b.ico
https://static.xx.fbcdn.net/rsrc.php/v3izxo4/yN/l/es_ES/VpUsrYyq-CG1pOPC4fDPI_yQHboSYOymLfRBMRWRzGrkOgCWaxMKf5RkpIuqjEmNahzKeNFcJB1ohhzwcko9bNAtIzQf_5Ypntd7-Yp1K7NojRXVSim_7lf3STFbc_7tP1dO1F0OjmmrpKPa3B3LxsL6K5e_J6UZyezE_H7PDvIO7WSZ.js?_nc_x=Ij3Wp8lg5Kz
https://static.xx.fbcdn.net/rsrc.php/v3iYot4/yF/l/es_ES/jmiUH-Jpidf.js?_nc_x=Ij3Wp8lg5Kz
