
URls encontradas en https://www.android.com/ : 
https://www.google.com
https://blog.google/products/android-enterprise/schneiderelectric/
https://blog.google/products/android-enterprise/android-13/
https://www.linkedin.com/company/google
https://support.google.com
https://about.google/
https://about.google/products/
https://blog.google/products/android-enterprise/
https://twitter.com/Android
https://www.youtube.com/Android
https://blog.google/products/android-enterprise/art-of-control/
https://www.youtube.com/google
https://policies.google.com/privacy
https://www.linkedin.com/shareArticle?mini=true&url=https://blog.google/products/android-enterprise/&title=Android%20Enterprise
https://www.facebook.com/Google
https://cloud.google.com/blog/
https://twitter.com/intent/tweet?text=Android%20Enterprise%20%40google&url=https://blog.google/products/android-enterprise/
https://www.facebook.com/sharer/sharer.php?caption=Android%20Enterprise&u=https://blog.google/products/android-enterprise/
https://www.instagram.com/google/
https://twitter.com/google
https://blog.google/products/android-enterprise/android-enterprise-security-assessment/
https://policies.google.com/terms

URls encontradas en https://www.android.com/ : 
https://www.google.com
https://www.facebook.com/sharer/sharer.php?caption=Press%20Corner&u=https://blog.google/press/
https://www.linkedin.com/company/google
https://support.google.com
https://about.google/
https://about.google/products/
https://blog.google/press/
https://www.linkedin.com/shareArticle?mini=true&url=https://blog.google/press/&title=Press%20Corner
https://www.youtube.com/google
https://policies.google.com/privacy
https://twitter.com/intent/tweet?text=Press%20Corner%20%40google&url=https://blog.google/press/
http://www.google.com/support/?hl=en
https://www.facebook.com/Google
https://cloud.google.com/blog/
https://www.instagram.com/google/
https://twitter.com/google
https://policies.google.com/terms
