
URls encontradas en https://www.android.com/ : 
https://about.linkedin.com?trk=d_org_guest_showcase_overview_footer-about
https://www.linkedin.com/redir/redirect?url=https%3A%2F%2Fwww%2Eandroid%2Ecom%2Fwhy-switch-to-android%2F&amp;urlhash=Qae6&amp;trk=organization_guest_main-feed-card_feed-article-content
https://www.linkedin.com/showcase/tensorflowdev?trk=affiliated-pages
https://www.linkedin.com/company/google?trk=organization_guest_main-feed-card_reshare-text
https://www.linkedin.com/pub/dir/+/+?trk=organization_guest_guest_nav_menu_people
https://www.linkedin.com/showcase/google-cloud-partners?trk=affiliated-pages
https://www.linkedin.com/showcase/google-analytics?trk=affiliated-pages
https://www.linkedin.com/showcase/googleworkspace?trk=affiliated-pages
https://www.linkedin.com/jobs/search?trk=organization_guest_guest_nav_menu_jobs
https://www.linkedin.com/signup/cold-join?session_redirect=https%3A%2F%2Fwww%2Elinkedin%2Ecom%2Fshowcase%2Fandroid_by_google&amp;trk=organization_guest_main-feed-card_share-cta
https://www.linkedin.com/showcase/androidenterprise?trk=organization_guest_main-feed-card_reshare_feed-actor-name
https://kr.linkedin.com/company/samsungmobile?trk=organization_guest_main-feed-card_reshare_feed-actor-image
https://www.linkedin.com/pulse/topics/home/?trk=organization_guest_guest_nav_menu_discover
https://www.linkedin.com/feed/hashtag/googlepixelwatch?trk=organization_guest_main-feed-card-text
https://cn.linkedin.com/company/oppo?trk=organization_guest_main-feed-card_reshare_feed-actor-name
https://www.linkedin.com/company/google?trk=affiliated-pages
https://www.linkedin.com/signup/cold-join?session_redirect=https%3A%2F%2Fwww%2Elinkedin%2Ecom%2Fshowcase%2Fandroid_by_google&amp;trk=organization_guest_nav-header-join
https://www.linkedin.com/company/linkedin?trk=similar-pages
https://www.linkedin.com/learning/search?trk=organization_guest_guest_nav_menu_learning
https://www.linkedin.com/showcase/google-news-initiative?trk=affiliated-pages
https://brand.linkedin.com/policies?trk=d_org_guest_showcase_overview_footer-brand-policy
https://www.linkedin.com/showcase/google-pay?trk=affiliated-pages
https://goo.gle/3F1LiBV?trk=organization_guest_main-feed-card_reshare-text
https://www.linkedin.com/uas/request-password-reset?trk=organization_guest_contextual-sign-in-modal_sign-in-modal_forgot_password
https://www.linkedin.com/showcase/google-partners?trk=affiliated-pages
https://www.linkedin.com/showcase/google-user-research.?trk=affiliated-pages
https://static-exp1.licdn.com/sc/h/3a22m1msixvv0747owen7rst9
https://www.linkedin.com/signup/cold-join?session_redirect=https%3A%2F%2Fwww%2Elinkedin%2Ecom%2Fshowcase%2Fandroid_by_google&amp;trk=organization_guest_main-feed-card_social-actions-comments
https://www.linkedin.com/feed/hashtag/pixel7?trk=organization_guest_main-feed-card-text
https://cn.linkedin.com/company/oppo?trk=organization_guest_main-feed-card_reshare_feed-actor-image
https://www.linkedin.com/showcase/google-cloud?trk=affiliated-pages
https://www.linkedin.com/feed/hashtag/galaxyzflip4?trk=organization_guest_main-feed-card-text
https://www.linkedin.com/feed/hashtag/madebygoogle?trk=organization_guest_main-feed-card-text
https://www.linkedin.com/showcase/googledevelopers?trk=affiliated-pages
https://www.linkedin.com/company/ibm?trk=similar-pages
https://www.linkedin.com/showcase/androidenterprise?trk=organization_guest_main-feed-card_reshare_feed-actor-image
https://in.linkedin.com/company/tata-consultancy-services?trk=similar-pages
https://www.linkedin.com/showcase/google-nest?trk=affiliated-pages
https://www.linkedin.com/company/adometry?trk=affiliated-pages
https://lnkd.in/egtFZiUN?trk=organization_guest_main-feed-card-text
https://www.linkedin.com/signup/cold-join?session_redirect=https%3A%2F%2Fwww%2Elinkedin%2Ecom%2Fshowcase%2Fandroid_by_google&trk=organization_guest_contextual-sign-in-modal_sign-in-modal_join-link
https://www.linkedin.com/showcase/flutterdevofficial?trk=affiliated-pages
https://ca.linkedin.com/company/capitalg?trk=affiliated-pages
https://www.linkedin.com/company/youtube?trk=affiliated-pages
https://www.linkedin.com/feed/hashtag/android?trk=organization_guest_main-feed-card_reshare-text
https://www.linkedin.com/feed/hashtag/oppoencox2?trk=organization_guest_main-feed-card_reshare-text
https://www.linkedin.com/signup/cold-join?session_redirect=https%3A%2F%2Fwww%2Elinkedin%2Ecom%2Fshowcase%2Fandroid_by_google&amp;trk=public_biz_promo-join
https://www.linkedin.com/feed/hashtag/getthemessage?trk=organization_guest_main-feed-card-text
https://www.linkedin.com/showcase/google-developers-north-america?trk=affiliated-pages
https://www.linkedin.com/showcase/firebase-hold?trk=affiliated-pages
https://www.linkedin.com/showcase/googleplaybiz?trk=affiliated-pages
https://www.linkedin.com/company/netflix?trk=similar-pages
https://www.linkedin.com/feed/hashtag/android?trk=organization_guest_main-feed-card-text
https://www.linkedin.com/company/x?trk=affiliated-pages
https://www.linkedin.com/showcase/googleadmob?trk=affiliated-pages
https://www.linkedin.com/redir/redirect?url=https%3A%2F%2Fstore%2Egoogle%2Ecom%2Fmagazine%2Fevents%3Fhl%3Den-US&amp;urlhash=yxV2&amp;trk=organization_guest_main-feed-card_feed-article-content
https://www.linkedin.com/company/deloitte?trk=similar-pages
https://www.linkedin.com/login?session_redirect=https%3A%2F%2Fwww%2Elinkedin%2Ecom%2Fshowcase%2Fandroid_by_google&amp;fromSignIn=true&amp;trk=top-card_ellipsis-menu-semaphore-sign-in-redirect
https://www.linkedin.com/legal/cookie-policy
https://goo.gle/3UI7fgJ?trk=organization_guest_main-feed-card-text
https://www.linkedin.com/showcase/google-ad-manager?trk=affiliated-pages
https://www.linkedin.com/redir/redirect?url=https%3A%2F%2Fwww%2Eandroid%2Ecom&amp;urlhash=vikh&amp;trk=about_website
https://www.linkedin.com/showcase/android_by_google?trk=organization_guest_main-feed-card_feed-reaction-header
https://www.linkedin.com/company/microsoft?trk=similar-pages
https://www.linkedin.com/legal/privacy-policy?trk=d_org_guest_showcase_overview_footer-privacy-policy
https://www.linkedin.com/signup/cold-join?session_redirect=https%3A%2F%2Fwww%2Elinkedin%2Ecom%2Fshowcase%2Fandroid_by_google&amp;trk=organization_guest_main-feed-card_ellipsis-menu-semaphore-sign-in-redirect
https://www.linkedin.com/psettings/guest-controls?trk=d_org_guest_showcase_overview_footer-guest-controls
https://www.linkedin.com/company/meta?trk=similar-pages
https://www.linkedin.com/legal/cookie-policy?trk=d_org_guest_showcase_overview_footer-cookie-policy
https://www.linkedin.com/showcase/rare-with-google?trk=affiliated-pages
https://www.linkedin.com/feed/hashtag/samsungknox?trk=organization_guest_main-feed-card_reshare-text
https://www.linkedin.com/showcase/grow-with-google?trk=affiliated-pages
https://www.linkedin.com/login?session_redirect=https%3A%2F%2Fwww%2Elinkedin%2Ecom%2Fshowcase%2Fandroid_by_google&amp;fromSignIn=true&amp;trk=top-card_top-card-primary-button-top-card-primary-cta
https://www.linkedin.com/showcase/androidenterprise?trk=affiliated-pages
https://kr.linkedin.com/company/samsungmobile?trk=organization_guest_main-feed-card_reshare_feed-actor-name
https://www.linkedin.com/showcase/google-ads-?trk=affiliated-pages
https://www.linkedin.com/showcase/firebase?trk=affiliated-pages
https://www.linkedin.com/feed/hashtag/samsungunpacked?trk=organization_guest_main-feed-card_reshare-text
https://www.linkedin.com/showcase/android_by_google?trk=organization_guest_main-feed-card_feed-actor-name
https://www.linkedin.com/showcase/think-with-google?trk=affiliated-pages
https://www.linkedin.com/legal/copyright-policy?trk=d_org_guest_showcase_overview_footer-copyright-policy
https://www.linkedin.com/legal/professional-community-policies?trk=d_org_guest_showcase_overview_footer-community-guide
https://ng.linkedin.com/showcase/gwgafrica?trk=affiliated-pages
https://www.linkedin.com/showcase/flutterdev-hold?trk=affiliated-pages
https://www.linkedin.com/showcase/google-chrome?trk=affiliated-pages
https://www.linkedin.com/redir/redirect?url=https%3A%2F%2Fwww%2Eandroid%2Ecom%2Fget-the-message%2F%3F&amp;urlhash=duD-&amp;trk=organization_guest_main-feed-card_feed-article-content
http://samsung.com?trk=organization_guest_main-feed-card_reshare-text
https://www.linkedin.com/showcase/chrome-enterprise?trk=organization_guest_main-feed-card_reshare-text
https://uk.linkedin.com/company/unilever?trk=similar-pages
https://www.linkedin.com/legal/user-agreement?trk=d_org_guest_showcase_overview_footer-user-agreement
https://lnkd.in/eKpVSKWS?trk=organization_guest_main-feed-card-text
https://www.linkedin.com/showcase/google-small-business?trk=affiliated-pages
https://www.linkedin.com/showcase/android_by_google
https://www.linkedin.com/signup/cold-join?session_redirect=https%3A%2F%2Fwww%2Elinkedin%2Ecom%2Fshowcase%2Fandroid_by_google&trk=organization_guest_contextual-sign-in-modal_join-link
https://lnkd.in/gQ_a2esd?trk=organization_guest_main-feed-card_reshare-text
https://www.linkedin.com/company/apple?trk=similar-pages
https://www.linkedin.com/showcase/googlemarketingplatform?trk=affiliated-pages
https://www.linkedin.com/showcase/chrome-enterprise?trk=affiliated-pages
https://www.linkedin.com/signup/cold-join?session_redirect=https%3A%2F%2Fwww%2Elinkedin%2Ecom%2Fshowcase%2Fandroid_by_google&amp;trk=organization_guest_main-feed-card_comment-cta
https://www.linkedin.com/showcase/google-health?trk=affiliated-pages
https://static-exp1.licdn.com/sc/h/al2o9zrvru7aqj8e1x2rzsrca
https://www.linkedin.com/showcase/android_by_google?trk=organization_guest_main-feed-card_feed-actor-image
https://www.linkedin.com/showcase/google-developer-groups?trk=affiliated-pages
https://www.linkedin.com/login?session_redirect=https%3A%2F%2Fwww%2Elinkedin%2Ecom%2Fshowcase%2Fandroid_by_google&amp;fromSignIn=true&amp;trk=organization_guest_nav-header-signin
https://www.linkedin.com/showcase/rework-with-google?trk=affiliated-pages
https://www.linkedin.com/help/linkedin/answer/37822
https://www.linkedin.com/showcase/androiddev?trk=affiliated-pages
https://www.linkedin.com/company/amazon?trk=similar-pages
https://www.linkedin.com/signup/cold-join?session_redirect=https%3A%2F%2Fwww%2Elinkedin%2Ecom%2Fshowcase%2Fandroid_by_google&amp;trk=organization_guest_main-feed-card_social-actions-reactions
https://www.linkedin.com/feed/hashtag/security?trk=organization_guest_main-feed-card_reshare-text
https://www.linkedin.com/showcase/google-for-startups?trk=affiliated-pages
https://www.linkedin.com/company/apple?trk=organization_guest_main-feed-card-text
https://www.linkedin.com/signup/cold-join?session_redirect=https%3A%2F%2Fwww%2Elinkedin%2Ecom%2Fshowcase%2Fandroid_by_google&amp;trk=organization_guest_main-feed-card_like-cta
https://www.linkedin.com/accessibility?trk=d_org_guest_showcase_overview_footer-accessibility
