Wed Nov 30 11:39:26 CET 2022
Nombre dominio: uyyui
URL: https://stackoverflow.com/questions/10954194/start-cmd-by-using-processbuilder

URls encontradas en https://stackoverflow.com/questions/10954194/start-cmd-by-using-processbuilder : 
https://politics.stackexchange.com/questions/76922/why-would-interracial-marriages-need-legal-protection-in-usa-in-2022
https://www.facebook.com/officialstackoverflow/
https://stackoverflow.co/collectives
https://cdn.sstatic.net/Sites/stackoverflow/Img/apple-touch-icon.png?v=c78bd457575a
https://law.stackexchange.com/questions/86702/how-does-one-prove-paternity-if-the-father-has-an-identical-twin
https://meta.stackoverflow.com/questions/421718/help-needed-a-call-for-volunteer-reviewers-for-the-staging-ground-beta-test
https://stackexchange.com/sites#professional
https://stackoverflow.blog
https://stackoverflow.blog/2022/11/29/the-engineering-leadership-that-makes-patreon-awesome-ep-509/
https://stackexchange.com/sites#lifearts
https://gaming.stackexchange.com/questions/400464/is-it-possible-to-mute-the-allays
https://api.stackexchange.com/
https://cdn.sstatic.net/Shared/Channels/channels.css?v=d098999fc478
https://codegolf.stackexchange.com/questions/254910/find-the-nth-number-where-the-digit-sum-equals-the-number-of-factors
https://money.stackexchange.com/questions/153880/in-the-envelope-system-how-often-do-i-clear-my-envelopes
https://opensource.stackexchange.com/questions/13427/if-i-add-a-misrepresentation-clause-to-3-clause-bsd-license-would-it-remain-gpl
https://stackoverflow.com/legal/privacy-policy
https://stackoverflowteams.com/teams/create/free?utm_source=so-owned&amp;utm_medium=side-bar&amp;utm_campaign=campaign-38&amp;utm_content=cta
https://www.instagram.com/thestackoverflow
https://try.stackoverflow.co/why-teams/?utm_source=so-owned&amp;utm_medium=side-bar&amp;utm_campaign=campaign-38&amp;utm_content=cta
https://meta.stackexchange.com/questions/384148/inbox-improvements-are-live
https://stackoverflow.com/legal/cookie-policy
https://stackoverflow.com/jobs/companies?so_medium=stackoverflow&amp;so_source=SiteNav
https://security.stackexchange.com/questions/266650/why-create-a-csr-on-my-own-server-to-have-it-signed-by-a-3rd-party
https://stackexchange.com/sites#science
https://stackoverflow.com/legal/terms-of-service
https://meta.stackexchange.com/questions/384169/help-us-identify-new-roles-for-community-members
https://politics.stackexchange.com/questions/76892/is-the-uk-not-member-of-schengen-customs-union-economic-area-free-trade-assoc
https://aviation.stackexchange.com/questions/96166/why-arent-push-propellers-common-on-wing-engines
https://money.stackexchange.com/questions/153914/what-would-be-a-recommended-interest-rate-for-an-unsecured-loan-to-individuals-w
https://meta.stackoverflow.com/questions/421619/2022-community-moderator-election-results
https://ethereum.stackexchange.com/questions/140215/does-giving-enough-zero-knowledge-proofs-give-knowledge
https://stackoverflow.com/users/signup?ssrc=site_switcher&amp;returnurl=https%3a%2f%2fstackoverflow.com%2fquestions%2f10954194%2fstart-cmd-by-using-processbuilder
https://stackexchange.com/sites#business
https://stackoverflow.com/users/login?ssrc=head&returnurl=https%3a%2f%2fstackoverflow.com%2fquestions%2f10954194%2fstart-cmd-by-using-processbuilder
https://buddhism.stackexchange.com/questions/48118/vajrayana-buddhism-teachings-the-buddha-reserved-for-only-some-individuals
https://stackoverflow.co/advertising
https://music.stackexchange.com/questions/126171/changing-time-signature-mid-bar
https://stackoverflow.com
https://cdn.sstatic.net/Shared/stacks.css?v=5ad0f45f4799
https://stackoverflow.com/help
https://cdn.sstatic.net/Sites/stackoverflow/Img/favicon.ico?v=ec617d715196
https://stackexchange.com/questions?tab=hot
https://academia.stackexchange.com/questions/191070/where-do-we-draw-the-line-between-suspicion-and-evidence-of-cheating-on-an-exa
https://quantumcomputing.stackexchange.com/questions/29183/expectation-value-of-pauli-z-for-locally-rotated-bell-state
https://travel.stackexchange.com/questions/177790/friends-girlfriends-parents-preventing-her-from-returning-to-uk-from-the-uae-a
https://stackexchange.com
https://linkedin.com/company/stack-overflow
https://stackoverflow.co/company/contact
https://stackoverflow.com/help/licensing
https://mathoverflow.net/questions/435473/can-linear-logic-be-used-to-resolve-unexpected-hanging-surprise-examination-para
https://meta.stackoverflow.com
https://stackoverflow.blog?blb=1
https://stackoverflow.com/legal
http://stackoverflow.com/questions/515309/what-does-cmd-c-mean
https://stackoverflow.com/users/login?ssrc=site_switcher&amp;returnurl=https%3a%2f%2fstackoverflow.com%2fquestions%2f10954194%2fstart-cmd-by-using-processbuilder
https://meta.stackoverflow.com/questions/254311/the-collapse-tag-is-being-burninated
https://tex.stackexchange.com/questions/666934/how-to-create-a-triangle-tensor-product-symbol
https://data.stackexchange.com/
https://matheducators.stackexchange.com/questions/25853/point-deductions-exams-and-quizzes
https://astronomy.stackexchange.com/questions/51160/what-is-it-like-to-see-a-brown-dwarf-turn-into-a-star
https://chat.stackoverflow.com/?tab=site&amp;host=stackoverflow.com
https://stackexchange.com/sites#culturerecreation
https://stackoverflow.com/users/signup?ssrc=head&returnurl=https%3a%2f%2fstackoverflow.com%2fquestions%2f10954194%2fstart-cmd-by-using-processbuilder
https://twitter.com/stackoverflow
https://blender.stackexchange.com/questions/280323/controlling-color-ramp-wave-texture-to-flow-along-the-body-and-limbs-of-an-anima
http://www.microsoft.com/resources/documentation/windows/xp/all/proddocs/en-us/start.mspx?mfr=true
https://stackexchange.com/sites#technology
https://askubuntu.com/questions/1443029/convert-text-file-to-csv-on-shell
https://stackoverflow.co/company/work-here
https://stackoverflow.blog/2022/11/28/when-to-use-grpc-vs-graphql/
https://stackoverflow.co/talent
https://english.stackexchange.com/questions/599079/what-does-darkest-africa-refer-to
https://stackoverflow.co/
https://electronics.stackexchange.com/questions/644300/how-is-usb-3-2-still-serial-when-there-are-so-many-data-cables
https://cdn.sstatic.net/Sites/stackoverflow/primary.css?v=b9f53ba02823
https://stackoverflow.co/teams
https://stackexchange.com/sites
https://stackoverflow.com/questions/10954194/start-cmd-by-using-processbuilder
https://stackoverflow.co/company/press
