Wed Nov 30 11:46:55 CET 2022
Nombre dominio: yui
URL: https://stackoverflow.com/questions/10954194/start-cmd-by-using-processbuilder

URls encontradas en https://stackoverflow.com/questions/10954194/start-cmd-by-using-processbuilder : 
https://www.facebook.com/officialstackoverflow/
https://stackoverflow.co/collectives
https://tex.stackexchange.com/questions/666873/align-right-braces
https://cdn.sstatic.net/Sites/stackoverflow/Img/apple-touch-icon.png?v=c78bd457575a
https://law.stackexchange.com/questions/86702/how-does-one-prove-paternity-if-the-father-has-an-identical-twin
https://meta.stackoverflow.com/questions/421718/help-needed-a-call-for-volunteer-reviewers-for-the-staging-ground-beta-test
https://stackexchange.com/sites#professional
https://stackoverflow.blog
https://stackoverflow.blog/2022/11/29/the-engineering-leadership-that-makes-patreon-awesome-ep-509/
https://stackexchange.com/sites#lifearts
https://api.stackexchange.com/
https://cdn.sstatic.net/Shared/Channels/channels.css?v=d098999fc478
https://codegolf.stackexchange.com/questions/254910/find-the-nth-number-where-the-digit-sum-equals-the-number-of-factors
https://diy.stackexchange.com/questions/261472/post-footing-why-use-a-tube-instead-of-directly-pouring-concrete-into-the-hole
https://physics.stackexchange.com/questions/738899/where-would-a-string-break-if-an-instantaneous-unequal-tensile-force-is-applied
https://workplace.stackexchange.com/questions/188773/rejecting-a-job-offer-that-really-doesnt-fit-me-well-do-i-explain-myself
https://stackoverflow.com/legal/privacy-policy
https://superuser.com/questions/1755219/why-does-group-and-group-myusername-give-different-results
https://stackoverflowteams.com/teams/create/free?utm_source=so-owned&amp;utm_medium=side-bar&amp;utm_campaign=campaign-38&amp;utm_content=cta
https://www.instagram.com/thestackoverflow
https://try.stackoverflow.co/why-teams/?utm_source=so-owned&amp;utm_medium=side-bar&amp;utm_campaign=campaign-38&amp;utm_content=cta
https://meta.stackexchange.com/questions/384148/inbox-improvements-are-live
https://stackoverflow.com/legal/cookie-policy
https://scifi.stackexchange.com/questions/269823/old-sci-fi-movie-where-aliens-dropped-from-trees-and-chased-people
https://stackoverflow.com/jobs/companies?so_medium=stackoverflow&amp;so_source=SiteNav
https://stackexchange.com/sites#science
https://retrocomputing.stackexchange.com/questions/25717/why-were-nested-functions-excluded-from-b-and-c
https://stackoverflow.com/legal/terms-of-service
https://meta.stackexchange.com/questions/384169/help-us-identify-new-roles-for-community-members
https://retrocomputing.stackexchange.com/questions/25726/does-the-kernel-of-windows-95-98-me-have-a-name
https://meta.stackoverflow.com/questions/421619/2022-community-moderator-election-results
https://linguistics.stackexchange.com/questions/45643/what-is-the-term-for-this-derivation-cheeseburger-comes-from-hamburger-but
https://stackoverflow.com/users/signup?ssrc=site_switcher&amp;returnurl=https%3a%2f%2fstackoverflow.com%2fquestions%2f10954194%2fstart-cmd-by-using-processbuilder
https://stackexchange.com/sites#business
https://stackoverflow.com/users/login?ssrc=head&returnurl=https%3a%2f%2fstackoverflow.com%2fquestions%2f10954194%2fstart-cmd-by-using-processbuilder
https://stackoverflow.co/advertising
https://stackoverflow.com
https://cdn.sstatic.net/Shared/stacks.css?v=5ad0f45f4799
https://stackoverflow.com/help
https://cdn.sstatic.net/Sites/stackoverflow/Img/favicon.ico?v=ec617d715196
https://stackexchange.com/questions?tab=hot
https://academia.stackexchange.com/questions/191070/where-do-we-draw-the-line-between-suspicion-and-evidence-of-cheating-on-an-exa
https://travel.stackexchange.com/questions/177790/friends-girlfriends-parents-preventing-her-from-returning-to-uk-from-the-uae-a
https://stackexchange.com
https://linkedin.com/company/stack-overflow
https://stackoverflow.co/company/contact
https://stackoverflow.com/help/licensing
https://meta.stackoverflow.com
https://salesforce.stackexchange.com/questions/390980/sfdx-retrieves-all-fields-in-an-object
https://money.stackexchange.com/questions/153902/how-can-a-bank-make-it-possible-for-their-customers-to-get-their-salary-up-to-tw
https://stackoverflow.blog?blb=1
https://stackoverflow.com/legal
http://stackoverflow.com/questions/515309/what-does-cmd-c-mean
https://stackoverflow.com/users/login?ssrc=site_switcher&amp;returnurl=https%3a%2f%2fstackoverflow.com%2fquestions%2f10954194%2fstart-cmd-by-using-processbuilder
https://meta.stackoverflow.com/questions/254311/the-collapse-tag-is-being-burninated
https://tex.stackexchange.com/questions/666934/how-to-create-a-triangle-tensor-product-symbol
https://data.stackexchange.com/
https://graphicdesign.stackexchange.com/questions/159434/similar-font-to-montserrat-that-is-native-to-microsoft-365
https://biology.stackexchange.com/questions/110941/why-havent-we-cured-the-common-cold-yet
https://chat.stackoverflow.com/?tab=site&amp;host=stackoverflow.com
https://aviation.stackexchange.com/questions/96121/why-do-airplanes-usually-pitch-nose-down-in-a-stall
https://stackexchange.com/sites#culturerecreation
https://stackoverflow.com/users/signup?ssrc=head&returnurl=https%3a%2f%2fstackoverflow.com%2fquestions%2f10954194%2fstart-cmd-by-using-processbuilder
https://twitter.com/stackoverflow
http://www.microsoft.com/resources/documentation/windows/xp/all/proddocs/en-us/start.mspx?mfr=true
https://stackexchange.com/sites#technology
https://askubuntu.com/questions/1443029/convert-text-file-to-csv-on-shell
https://stackoverflow.co/company/work-here
https://stackoverflow.blog/2022/11/28/when-to-use-grpc-vs-graphql/
https://stackoverflow.co/talent
https://english.stackexchange.com/questions/599079/what-does-darkest-africa-refer-to
https://workplace.stackexchange.com/questions/188791/short-term-options-to-mitigate-burnout-and-demotivation-while-working-with-painf
https://stackoverflow.co/
https://cdn.sstatic.net/Sites/stackoverflow/primary.css?v=b9f53ba02823
https://stackoverflow.co/teams
https://stackexchange.com/sites
https://graphicdesign.stackexchange.com/questions/159426/how-to-remove-gap-in-adobe-illustrator-pattern-brush
https://stackoverflow.com/questions/10954194/start-cmd-by-using-processbuilder
https://stackoverflow.co/company/press
https://askubuntu.com/questions/1443074/make-phone-calls-from-desktop-computer
