Wed Nov 30 11:31:06 CET 2022
Nombre dominio: tyu
URL: https://stackoverflow.com/questions/10954194/start-cmd-by-using-processbuilder

URls encontradas en https://stackoverflow.com/questions/10954194/start-cmd-by-using-processbuilder :

https://politics.stackexchange.com/questions/76922/why-would-interracial-marriages-need-legal-protection-in-usa-in-2022
https://www.facebook.com/officialstackoverflow/
https://stackoverflow.co/collectives
https://tex.stackexchange.com/questions/666873/align-right-braces
https://cdn.sstatic.net/Sites/stackoverflow/Img/apple-touch-icon.png?v=c78bd457575a
https://scicomp.stackexchange.com/questions/42215/matrix-derivative
https://meta.stackoverflow.com/questions/421718/help-needed-a-call-for-volunteer-reviewers-for-the-staging-ground-beta-test
https://stackexchange.com/sites#professional
https://stackoverflow.blog
https://stackoverflow.blog/2022/11/29/the-engineering-leadership-that-makes-patreon-awesome-ep-509/
https://academia.stackexchange.com/questions/191078/my-wife-got-some-serious-issues-with-her-phd-advisor-how-should-i-get-involved
https://stackexchange.com/sites#lifearts
https://api.stackexchange.com/
https://cdn.sstatic.net/Shared/Channels/channels.css?v=d098999fc478
https://stackoverflow.com/legal/privacy-policy
https://stackoverflowteams.com/teams/create/free?utm_source=so-owned&amp;utm_medium=side-bar&amp;utm_campaign=campaign-38&amp;utm_content=cta
https://www.instagram.com/thestackoverflow
https://try.stackoverflow.co/why-teams/?utm_source=so-owned&amp;utm_medium=side-bar&amp;utm_campaign=campaign-38&amp;utm_content=cta
https://meta.stackexchange.com/questions/384148/inbox-improvements-are-live
https://ux.stackexchange.com/questions/145037/our-brand-and-design-systems-primary-colour-is-green-how-should-we-indicate
https://stackoverflow.com/legal/cookie-policy
https://stackoverflow.com/jobs/companies?so_medium=stackoverflow&amp;so_source=SiteNav
https://stackexchange.com/sites#science
https://retrocomputing.stackexchange.com/questions/25717/why-were-nested-functions-excluded-from-b-and-c
https://stackoverflow.com/legal/terms-of-service
https://meta.stackexchange.com/questions/384169/help-us-identify-new-roles-for-community-members
https://meta.stackoverflow.com/questions/421619/2022-community-moderator-election-results
https://stackoverflow.com/users/signup?ssrc=site_switcher&amp;returnurl=https%3a%2f%2fstackoverflow.com%2fquestions%2f10954194%2fstart-cmd-by-using-processbuilder
https://stackexchange.com/sites#business
https://stackoverflow.com/users/login?ssrc=head&returnurl=https%3a%2f%2fstackoverflow.com%2fquestions%2f10954194%2fstart-cmd-by-using-processbuilder
https://stackoverflow.co/advertising
https://stackoverflow.com
https://cdn.sstatic.net/Shared/stacks.css?v=5ad0f45f4799
https://stackoverflow.com/help
https://cdn.sstatic.net/Sites/stackoverflow/Img/favicon.ico?v=ec617d715196
https://stackexchange.com/questions?tab=hot
https://academia.stackexchange.com/questions/191070/where-do-we-draw-the-line-between-suspicion-and-evidence-of-cheating-on-an-exa
https://stackexchange.com
https://linkedin.com/company/stack-overflow
https://stackoverflow.co/company/contact
https://stackoverflow.com/help/licensing
https://meta.stackoverflow.com
https://stackoverflow.blog?blb=1
https://stackoverflow.com/legal
http://stackoverflow.com/questions/515309/what-does-cmd-c-mean
https://stackoverflow.com/users/login?ssrc=site_switcher&amp;returnurl=https%3a%2f%2fstackoverflow.com%2fquestions%2f10954194%2fstart-cmd-by-using-processbuilder
https://meta.stackoverflow.com/questions/254311/the-collapse-tag-is-being-burninated
https://tex.stackexchange.com/questions/666934/how-to-create-a-triangle-tensor-product-symbol
https://data.stackexchange.com/
https://cooking.stackexchange.com/questions/122479/when-does-parboiling-begin
https://matheducators.stackexchange.com/questions/25853/point-deductions-exams-and-quizzes
https://chat.stackoverflow.com/?tab=site&amp;host=stackoverflow.com
https://diy.stackexchange.com/questions/261395/is-a-3-prong-single-outlet-receptacle-currently-manufactured
https://electronics.stackexchange.com/questions/644271/resistor-placement-in-transistor-and-led-circuit
https://stackexchange.com/sites#culturerecreation
https://stackoverflow.com/users/signup?ssrc=head&returnurl=https%3a%2f%2fstackoverflow.com%2fquestions%2f10954194%2fstart-cmd-by-using-processbuilder
https://twitter.com/stackoverflow
http://www.microsoft.com/resources/documentation/windows/xp/all/proddocs/en-us/start.mspx?mfr=true
https://stackexchange.com/sites#technology
https://stackoverflow.co/company/work-here
https://stackoverflow.blog/2022/11/28/when-to-use-grpc-vs-graphql/
https://stackoverflow.co/talent
https://english.stackexchange.com/questions/599079/what-does-darkest-africa-refer-to
https://workplace.stackexchange.com/questions/188791/short-term-options-to-mitigate-burnout-and-demotivation-while-working-with-painf
https://english.stackexchange.com/questions/599102/what-is-another-word-for-allowing-a-professional-to-take-some-sort-of-privile
https://stackoverflow.co/
https://codegolf.stackexchange.com/questions/254947/range-of-ascii-values
https://law.stackexchange.com/questions/86665/is-it-considered-kidnapping-if-a-teenager-willingly-runs-away-with-someone-else
https://worldbuilding.stackexchange.com/questions/238708/is-it-believable-that-a-civilization-is-governed-under-one-country
https://cdn.sstatic.net/Sites/stackoverflow/primary.css?v=b9f53ba02823
https://codegolf.stackexchange.com/questions/255009/totally-random-catan-number-distributions
https://stackoverflow.com/questions/74601619/order-of-evaluation-in-v-stdexchangev-predecessorv
https://stackoverflow.co/teams
https://stackexchange.com/sites
https://music.stackexchange.com/questions/126183/what-do-you-call-it-when-someone-sings-a-melody-and-simultaneously-plays-the-exa
https://stackoverflow.com/questions/10954194/start-cmd-by-using-processbuilder
https://law.stackexchange.com/questions/86699/if-i-made-a-detailed-plan-to-kill-one-person-then-change-my-target-at-the-last
https://stackoverflow.co/company/press
https://wordpress.stackexchange.com/questions/411644/true-false-acf-field-returning-null-by-default-even-if-default-value-is-true
https://chemistry.stackexchange.com/questions/169592/whats-the-purpose-of-this-vintage-glassware
